0 info it worked if it ends with ok
1 verbose cli [ '/usr/bin/node', '/usr/bin/npm', 'owner', 'ls', 'plan_de_masa' ]
2 info using npm@2.8.3
3 info using node@v0.12.2
4 silly mapToRegistry name plan_de_masa
5 silly mapToRegistry using default registry
6 silly mapToRegistry registry https://registry.npmjs.org/
7 silly mapToRegistry uri https://registry.npmjs.org/plan_de_masa
8 verbose request uri https://registry.npmjs.org/plan_de_masa
9 verbose request no auth needed
10 info attempt registry request try #1 at 13:08:54
11 verbose request id 644e213637c40063
12 http request GET https://registry.npmjs.org/plan_de_masa
13 http 404 https://registry.npmjs.org/plan_de_masa
14 verbose headers { server: 'CouchDB/1.5.0 (Erlang OTP/R16B03)',
14 verbose headers   'content-type': 'application/json',
14 verbose headers   'cache-control': 'max-age=0',
14 verbose headers   'content-length': '51',
14 verbose headers   'accept-ranges': 'bytes',
14 verbose headers   date: 'Thu, 07 May 2015 11:08:21 GMT',
14 verbose headers   via: '1.1 varnish',
14 verbose headers   age: '0',
14 verbose headers   connection: 'keep-alive',
14 verbose headers   'x-served-by': 'cache-ams4147-AMS',
14 verbose headers   'x-cache': 'MISS',
14 verbose headers   'x-cache-hits': '0',
14 verbose headers   'x-timer': 'S1430996901.045782,VS0,VE163' }
15 silly get cb [ 404,
15 silly get   { server: 'CouchDB/1.5.0 (Erlang OTP/R16B03)',
15 silly get     'content-type': 'application/json',
15 silly get     'cache-control': 'max-age=0',
15 silly get     'content-length': '51',
15 silly get     'accept-ranges': 'bytes',
15 silly get     date: 'Thu, 07 May 2015 11:08:21 GMT',
15 silly get     via: '1.1 varnish',
15 silly get     age: '0',
15 silly get     connection: 'keep-alive',
15 silly get     'x-served-by': 'cache-ams4147-AMS',
15 silly get     'x-cache': 'MISS',
15 silly get     'x-cache-hits': '0',
15 silly get     'x-timer': 'S1430996901.045782,VS0,VE163' } ]
16 error owner ls Couldn't get owner data plan_de_masa
17 verbose stack Error: 404 Not Found: plan_de_masa
17 verbose stack     at CachingRegistryClient.<anonymous> (/usr/lib/node_modules/npm/node_modules/npm-registry-client/lib/request.js:245:14)
17 verbose stack     at Request._callback (/usr/lib/node_modules/npm/node_modules/npm-registry-client/lib/request.js:170:14)
17 verbose stack     at Request.self.callback (/usr/lib/node_modules/npm/node_modules/request/request.js:368:22)
17 verbose stack     at Request.emit (events.js:110:17)
17 verbose stack     at Request.<anonymous> (/usr/lib/node_modules/npm/node_modules/request/request.js:1219:14)
17 verbose stack     at Request.emit (events.js:129:20)
17 verbose stack     at IncomingMessage.<anonymous> (/usr/lib/node_modules/npm/node_modules/request/request.js:1167:12)
17 verbose stack     at IncomingMessage.emit (events.js:129:20)
17 verbose stack     at _stream_readable.js:908:16
17 verbose stack     at process._tickCallback (node.js:355:11)
18 verbose statusCode 404
19 verbose pkgid plan_de_masa
20 verbose cwd /home/cosmin/Documents/plan de masa/serverApp
21 error Linux 3.19.3-3-ARCH
22 error argv "/usr/bin/node" "/usr/bin/npm" "owner" "ls" "plan_de_masa"
23 error node v0.12.2
24 error npm  v2.8.3
25 error code E404
26 error 404 Not Found: plan_de_masa
26 error 404
26 error 404 'plan_de_masa' is not in the npm registry.
26 error 404 You should bug the author to publish it (or use the name yourself!)
26 error 404
26 error 404 Note that you can also install from a
26 error 404 tarball, folder, http url, or git url.
27 verbose exit [ 1, true ]
